<?xml version="1.0" encoding="UTF-8"?>
<!-- Generated by org.testng.reporters.JUnitReportReporter -->
<testsuite skipped="0" hostname="prashuthra" name="testcases_landsend.TC012_SSalesOrder" tests="1" failures="0" timestamp="26 Apr 2018 11:06:28 GMT" time="35.663" errors="0">
  <testcase name="sSalesOrder" time="35.663" classname="testcases_landsend.TC012_SSalesOrder"/>
</testsuite> <!-- testcases_landsend.TC012_SSalesOrder -->
