<?xml version="1.0" encoding="UTF-8"?>
<!-- Generated by org.testng.reporters.JUnitReportReporter -->
<testsuite skipped="0" hostname="prashuthra" name="testcases_myntra.TC001_Myntra_Homepage" tests="1" failures="0" timestamp="05 May 2018 15:45:49 GMT" time="34.439" errors="0">
  <testcase name="HomePage" time="34.439" classname="testcases_myntra.TC001_Myntra_Homepage"/>
</testsuite> <!-- testcases_myntra.TC001_Myntra_Homepage -->
