<?xml version="1.0" encoding="UTF-8"?>
<!-- Generated by org.testng.reporters.JUnitReportReporter -->
<testsuite skipped="0" hostname="prashuthra" name="pages_myntra.Myntra_Exercise" tests="1" failures="0" timestamp="29 Apr 2018 09:13:44 GMT" time="32.740" errors="0">
  <testcase name="myntraFlow" time="32.740" classname="pages_myntra.Myntra_Exercise"/>
</testsuite> <!-- pages_myntra.Myntra_Exercise -->
