<?xml version="1.0" encoding="UTF-8"?>
<!-- Generated by org.testng.reporters.JUnitReportReporter -->
<testsuite skipped="0" hostname="prashuthra" name="testcases.TC003_CreateLead" tests="2" failures="0" timestamp="21 Apr 2018 05:12:16 GMT" time="53.285" errors="0">
  <testcase name="CreateLead" time="25.560" classname="testcases.TC003_CreateLead"/>
  <testcase name="CreateLead" time="27.725" classname="testcases.TC003_CreateLead"/>
</testsuite> <!-- testcases.TC003_CreateLead -->
