<?xml version="1.0" encoding="UTF-8"?>
<!-- Generated by org.testng.reporters.JUnitReportReporter -->
<testsuite skipped="0" hostname="prashuthra" name="testcases.TC002_LoginForNegative" tests="4" failures="0" timestamp="10 Apr 2018 17:28:32 GMT" time="53.983" errors="0">
  <testcase name="loginAndLogout" time="12.965" classname="testcases.TC002_LoginForNegative"/>
  <testcase name="loginAndLogout" time="14.817" classname="testcases.TC002_LoginForNegative"/>
  <testcase name="loginAndLogout" time="12.669" classname="testcases.TC002_LoginForNegative"/>
  <testcase name="loginAndLogout" time="13.532" classname="testcases.TC002_LoginForNegative"/>
</testsuite> <!-- testcases.TC002_LoginForNegative -->
