<?xml version="1.0" encoding="UTF-8"?>
<!-- Generated by org.testng.reporters.JUnitReportReporter -->
<testsuite skipped="0" hostname="prashuthra" name="testcases.TC001_LoginAndLogout" tests="2" failures="0" timestamp="14 Apr 2018 08:34:26 GMT" time="52.078" errors="0">
  <testcase name="loginAndLogout" time="33.183" classname="testcases.TC001_LoginAndLogout"/>
  <testcase name="loginAndLogout" time="18.895" classname="testcases.TC001_LoginAndLogout"/>
</testsuite> <!-- testcases.TC001_LoginAndLogout -->
