<?xml version="1.0" encoding="UTF-8"?>
<!-- Generated by org.testng.reporters.JUnitReportReporter -->
<testsuite skipped="0" hostname="prashuthra" name="testcases.TC004_EditLead" tests="2" failures="0" timestamp="10 Apr 2018 17:28:32 GMT" time="51.778" errors="0">
  <testcase name="EditLead" time="26.569" classname="testcases.TC004_EditLead"/>
  <testcase name="EditLead" time="25.209" classname="testcases.TC004_EditLead"/>
</testsuite> <!-- testcases.TC004_EditLead -->
