<?xml version="1.0" encoding="UTF-8"?>
<!-- Generated by org.testng.reporters.JUnitReportReporter -->
<testsuite skipped="0" hostname="prashuthra" name="testcases.TC006_DuplicateLead" tests="2" failures="0" timestamp="10 Apr 2018 17:28:32 GMT" time="49.230" errors="0">
  <testcase name="EditLead" time="23.889" classname="testcases.TC006_DuplicateLead"/>
  <testcase name="EditLead" time="25.341" classname="testcases.TC006_DuplicateLead"/>
</testsuite> <!-- testcases.TC006_DuplicateLead -->
