<?xml version="1.0" encoding="UTF-8"?>
<!-- Generated by org.testng.reporters.JUnitReportReporter -->
<testsuite skipped="0" hostname="prashuthra" name="testcases.TC005_DeleteLead" tests="2" failures="0" timestamp="10 Apr 2018 17:28:32 GMT" time="66.658" errors="0">
  <testcase name="DeleteLead" time="24.613" classname="testcases.TC005_DeleteLead"/>
  <testcase name="DeleteLead" time="42.045" classname="testcases.TC005_DeleteLead"/>
</testsuite> <!-- testcases.TC005_DeleteLead -->
