<?xml version="1.0" encoding="UTF-8"?>
<!-- Generated by org.testng.reporters.JUnitReportReporter -->
<testsuite skipped="0" hostname="prashuthra" name="testcases_landsend.TC003_Account_Creation" tests="1" failures="0" timestamp="12 Jul 2018 01:03:02 GMT" time="49.660" errors="0">
  <testcase name="accountCreation" time="49.660" classname="testcases_landsend.TC003_Account_Creation"/>
</testsuite> <!-- testcases_landsend.TC003_Account_Creation -->
