<?xml version="1.0" encoding="UTF-8"?>
<!-- Generated by org.testng.reporters.JUnitReportReporter -->
<testsuite skipped="0" hostname="prashuthra" name="testcases.TC007_MergeLead" tests="2" failures="0" timestamp="10 Apr 2018 17:28:32 GMT" time="255.936" errors="0">
  <testcase name="EditLead" time="130.860" classname="testcases.TC007_MergeLead"/>
  <testcase name="EditLead" time="125.076" classname="testcases.TC007_MergeLead"/>
</testsuite> <!-- testcases.TC007_MergeLead -->
